#
# There is insufficient memory for the Java Runtime Environment to continue.
# Native memory allocation (malloc) failed to allocate 2105616 bytes for Chunk::new
# Possible reasons:
#   The system is out of physical RAM or swap space
#   The process is running with CompressedOops enabled, and the Java Heap may be blocking the growth of the native heap
# Possible solutions:
#   Reduce memory load on the system
#   Increase physical memory or swap space
#   Check if swap backing store is full
#   Decrease Java heap size (-Xmx/-Xms)
#   Decrease number of Java threads
#   Decrease Java thread stack sizes (-Xss)
#   Set larger code cache with -XX:ReservedCodeCacheSize=
#   JVM is running with Unscaled Compressed Oops mode in which the Java heap is
#     placed in the first 4GB address space. The Java Heap base address is the
#     maximum limit for the native heap growth. Please use -XX:HeapBaseMinAddress
#     to set the Java Heap base and to place the Java Heap above 4GB virtual address.
# This output file may be truncated or incomplete.
#
#  Out of Memory Error (allocation.cpp:389), pid=17792, tid=0x0000000000004564
#
# JRE version: OpenJDK Runtime Environment (8.0_202-b03) (build 1.8.0_202-release-1483-b03)
# Java VM: OpenJDK 64-Bit Server VM (25.202-b03 mixed mode windows-amd64 compressed oops)
# Failed to write core dump. Minidumps are not enabled by default on client versions of Windows
#

---------------  T H R E A D  ---------------

Current thread (0x0000000015ec3800):  JavaThread "C2 CompilerThread1" daemon [_thread_in_native, id=17764, stack(0x0000000017610000,0x0000000017710000)]

Stack: [0x0000000017610000,0x0000000017710000]
[error occurred during error reporting (printing stack bounds), id 0xc0000005]

Native frames: (J=compiled Java code, j=interpreted, Vv=VM code, C=native code)


Current CompileTask:
C2: 604705 17605   !   4       com.android.tools.r8.dex.c::b (2274 bytes)


---------------  P R O C E S S  ---------------

Java Threads: ( => current thread )
  0x000000001e766800 JavaThread "Cache worker for Java compile cache (C:\Users\LENOVO\AndroidStudioProjects\NotifikasiKecelakaan\.gradle\5.4.1\javaCompile)" [_thread_blocked, id=18408, stack(0x0000000023c00000,0x0000000023d00000)]
  0x000000001e763800 JavaThread "Cache worker for Java compile cache (C:\Users\LENOVO\.gradle\caches\5.4.1\javaCompile)" [_thread_blocked, id=15812, stack(0x0000000023b00000,0x0000000023c00000)]
  0x000000001e762000 JavaThread "Cache worker for execution history cache (C:\Users\LENOVO\AndroidStudioProjects\NotifikasiKecelakaan\.gradle\5.4.1\executionHistory)" [_thread_blocked, id=16380, stack(0x0000000023a00000,0x0000000023b00000)]
  0x000000001e762800 JavaThread "Execution worker for ':' Thread 3" [_thread_in_Java, id=15924, stack(0x0000000023900000,0x0000000023a00000)]
  0x0000000018aa2800 JavaThread "Execution worker for ':' Thread 2" [_thread_blocked, id=14492, stack(0x0000000023800000,0x0000000023900000)]
  0x0000000018aa3000 JavaThread "Execution worker for ':'" [_thread_in_vm, id=4104, stack(0x0000000023700000,0x0000000023800000)]
  0x0000000018aa1800 JavaThread "Cache worker for file content cache (C:\Users\LENOVO\AndroidStudioProjects\NotifikasiKecelakaan\.gradle\5.4.1\fileContent)" [_thread_blocked, id=15028, stack(0x0000000023600000,0x0000000023700000)]
  0x000000001c3e0000 JavaThread "Cache worker for file content cache (C:\Users\LENOVO\.gradle\caches\5.4.1\fileContent)" [_thread_blocked, id=17268, stack(0x0000000023500000,0x0000000023600000)]
  0x000000001c3d8800 JavaThread "Cache worker for Build Output Cleanup Cache (C:\Users\LENOVO\AndroidStudioProjects\NotifikasiKecelakaan\.gradle\buildOutputCleanup)" [_thread_blocked, id=13844, stack(0x0000000023400000,0x0000000023500000)]
  0x000000001c3dd000 JavaThread "pool-2-thread-1" [_thread_blocked, id=16820, stack(0x0000000023300000,0x0000000023400000)]
  0x000000001c3de000 JavaThread "Build operations Thread 4" [_thread_blocked, id=14480, stack(0x0000000023200000,0x0000000023300000)]
  0x000000001c3dc800 JavaThread "Build operations Thread 3" [_thread_blocked, id=14544, stack(0x0000000023100000,0x0000000023200000)]
  0x000000001c3db800 JavaThread "Build operations Thread 2" [_thread_blocked, id=14532, stack(0x0000000023000000,0x0000000023100000)]
  0x000000001c3db000 JavaThread "Build operations" [_thread_blocked, id=8688, stack(0x0000000022f00000,0x0000000023000000)]
  0x000000001c3df800 JavaThread "Cache worker for cache directory md-rule (C:\Users\LENOVO\.gradle\caches\5.4.1\md-rule)" [_thread_blocked, id=7964, stack(0x0000000022e00000,0x0000000022f00000)]
  0x000000001c3de800 JavaThread "Cache worker for cache directory md-supplier (C:\Users\LENOVO\.gradle\caches\5.4.1\md-supplier)" [_thread_blocked, id=14924, stack(0x0000000022d00000,0x0000000022e00000)]
  0x000000001c3d1000 JavaThread "Cache worker for file hash cache (C:\Users\LENOVO\AndroidStudioProjects\NotifikasiKecelakaan\.gradle\5.4.1\fileHashes)" [_thread_blocked, id=6692, stack(0x0000000022c00000,0x0000000022d00000)]
  0x000000001c3d7000 JavaThread "Thread-34" [_thread_blocked, id=15000, stack(0x0000000022b00000,0x0000000022c00000)]
  0x000000001c3d3800 JavaThread "Asynchronous log dispatcher for DefaultDaemonConnection: socket connection from /127.0.0.1:52947 to /127.0.0.1:52987" [_thread_blocked, id=17080, stack(0x0000000022900000,0x0000000022a00000)]
  0x000000001c3d2000 JavaThread "Daemon worker Thread 2" [_thread_blocked, id=11532, stack(0x0000000022800000,0x0000000022900000)]
  0x000000001c3d2800 JavaThread "Cancel handler" [_thread_blocked, id=17428, stack(0x0000000022700000,0x0000000022800000)]
  0x000000001c3d5800 JavaThread "Handler for socket connection from /127.0.0.1:52947 to /127.0.0.1:52987" [_thread_in_native, id=16720, stack(0x0000000022600000,0x0000000022700000)]
  0x000000001c3d5000 JavaThread "Daemon Thread 2" [_thread_blocked, id=5912, stack(0x0000000022500000,0x0000000022600000)]
  0x000000001c3da000 JavaThread "Memory manager" [_thread_blocked, id=17508, stack(0x0000000021b00000,0x0000000021c00000)]
  0x000000001c3d4000 JavaThread "Cache worker for execution history cache (C:\Users\LENOVO\.gradle\caches\5.4.1\executionHistory)" [_thread_blocked, id=7236, stack(0x000000001ff00000,0x0000000020000000)]
  0x0000000018a9e800 JavaThread "Cache worker for journal cache (C:\Users\LENOVO\.gradle\caches\journal-1)" [_thread_blocked, id=1944, stack(0x000000001aa60000,0x000000001ab60000)]
  0x0000000018a9f800 JavaThread "File lock request listener" [_thread_in_native, id=10992, stack(0x000000001a960000,0x000000001aa60000)]
  0x00000000191f1000 JavaThread "Cache worker for file hash cache (C:\Users\LENOVO\.gradle\caches\5.4.1\fileHashes)" [_thread_blocked, id=10112, stack(0x000000001a860000,0x000000001a960000)]
  0x0000000018d39800 JavaThread "Daemon periodic checks" [_thread_blocked, id=8592, stack(0x0000000019e60000,0x0000000019f60000)]
  0x0000000018d1b000 JavaThread "Incoming local TCP Connector on port 52947" [_thread_in_native, id=12824, stack(0x0000000019c20000,0x0000000019d20000)]
  0x0000000018c9e000 JavaThread "Daemon health stats" [_thread_blocked, id=5972, stack(0x00000000195e0000,0x00000000196e0000)]
  0x000000001782e000 JavaThread "Service Thread" daemon [_thread_blocked, id=11116, stack(0x0000000017c10000,0x0000000017d10000)]
  0x0000000015eca800 JavaThread "C1 CompilerThread2" daemon [_thread_blocked, id=16956, stack(0x0000000017710000,0x0000000017810000)]
=>0x0000000015ec3800 JavaThread "C2 CompilerThread1" daemon [_thread_in_native, id=17764, stack(0x0000000017610000,0x0000000017710000)]
  0x0000000015ebf800 JavaThread "C2 CompilerThread0" daemon [_thread_in_native, id=18376, stack(0x0000000017510000,0x0000000017610000)]
  0x0000000015eba800 JavaThread "Attach Listener" daemon [_thread_blocked, id=9704, stack(0x0000000017410000,0x0000000017510000)]
  0x0000000015eb9800 JavaThread "Signal Dispatcher" daemon [_thread_blocked, id=18380, stack(0x0000000017310000,0x0000000017410000)]
  0x000000000244b000 JavaThread "Finalizer" daemon [_thread_blocked, id=13852, stack(0x0000000017110000,0x0000000017210000)]
  0x0000000015ea9000 JavaThread "Reference Handler" daemon [_thread_blocked, id=16728, stack(0x0000000017010000,0x0000000017110000)]
  0x000000000254e800 JavaThread "main" [_thread_blocked, id=13524, stack(0x00000000021d0000,0x00000000022d0000)]

Other Threads:
  0x0000000015e86000 VMThread [stack: 0x0000000016f10000,0x0000000017010000] [id=16556]
  0x0000000017811800 WatcherThread [stack: 0x0000000017d10000,0x0000000017e10000] [id=1856]

VM state:not at safepoint (normal execution)

VM Mutex/Monitor currently owned by a thread: None

heap address: 0x00000000a0000000, size: 1536 MB, Compressed Oops mode: 32-bit
Narrow klass base: 0x0000000000000000, Narrow klass shift: 3
Compressed class space size: 1073741824 Address: 0x0000000100000000

Heap:
 PSYoungGen      total 471040K, used 358543K [0x00000000e0000000, 0x00000000fe680000, 0x0000000100000000)
  eden space 449024K, 75% used [0x00000000e0000000,0x00000000f4af6de8,0x00000000fb680000)
  from space 22016K, 89% used [0x00000000fce00000,0x00000000fe12ce28,0x00000000fe380000)
  to   space 24064K, 0% used [0x00000000fb680000,0x00000000fb680000,0x00000000fce00000)
 ParOldGen       total 109056K, used 80198K [0x00000000a0000000, 0x00000000a6a80000, 0x00000000e0000000)
  object space 109056K, 73% used [0x00000000a0000000,0x00000000a4e51a10,0x00000000a6a80000)
 Metaspace       used 82264K, capacity 84958K, committed 85336K, reserved 1124352K
  class space    used 10479K, capacity 11048K, committed 11136K, reserved 1048576K

Card table byte_map: [0x0000000011910000,0x0000000011c20000] byte_map_base: 0x0000000011410000

Marking Bits: (ParMarkBitMap*) 0x000000005e9d9f30
 Begin Bits: [0x0000000012220000, 0x0000000013a20000)
 End Bits:   [0x0000000013a20000, 0x0000000015220000)

Polling page: 0x00000000001f0000

CodeCache: size=245760Kb used=52682Kb max_used=53733Kb free=193077Kb
 bounds [0x0000000002550000, 0x0000000005a10000, 0x0000000011550000]
 total_blobs=15322 nmethods=14486 adapters=746
 compilation: enabled

Compilation events (10 events):
Event: 604.400 Thread 0x0000000015ebf800 nmethod 17580 0x0000000004b7f2d0 code [0x0000000004b7f860, 0x0000000004b82f50]
Event: 604.400 Thread 0x0000000015ebf800 17635       4       java.util.AbstractCollection::containsAll (38 bytes)
Event: 604.404 Thread 0x0000000015ebf800 nmethod 17635 0x00000000047e00d0 code [0x00000000047e0240, 0x00000000047e0418]
Event: 604.404 Thread 0x0000000015ebf800 17631       4       com.android.tools.r8.ir.regalloc.LinearScanRegisterAllocator::a (148 bytes)
Event: 604.476 Thread 0x0000000015eca800 17638       2       com.android.tools.r8.graph.DexAnnotation::a (17 bytes)
Event: 604.476 Thread 0x0000000015eca800 nmethod 17638 0x0000000004979ad0 code [0x0000000004979c40, 0x0000000004979e08]
Event: 604.634 Thread 0x0000000015eca800 17640       3       java.util.Spliterators$ArraySpliterator::forEachRemaining (68 bytes)
Event: 604.635 Thread 0x0000000015eca800 nmethod 17640 0x00000000047ddd50 code [0x00000000047ddee0, 0x00000000047de378]
Event: 604.671 Thread 0x0000000015eca800 17641       2       com.android.tools.r8.graph.DexValue$f::i (1 bytes)
Event: 604.672 Thread 0x0000000015eca800 nmethod 17641 0x0000000004937d90 code [0x0000000004937ee0, 0x0000000004938030]

GC Heap History (10 events):
Event: 569.943 GC heap before
{Heap before GC invocations=46 (full 5):
 PSYoungGen      total 434688K, used 427329K [0x00000000e0000000, 0x00000000fba80000, 0x0000000100000000)
  eden space 421376K, 100% used [0x00000000e0000000,0x00000000f9b80000,0x00000000f9b80000)
  from space 13312K, 44% used [0x00000000fad80000,0x00000000fb350410,0x00000000fba80000)
  to   space 15872K, 0% used [0x00000000f9b80000,0x00000000f9b80000,0x00000000fab00000)
 ParOldGen       total 109056K, used 87165K [0x00000000a0000000, 0x00000000a6a80000, 0x00000000e0000000)
  object space 109056K, 79% used [0x00000000a0000000,0x00000000a551f688,0x00000000a6a80000)
 Metaspace       used 82005K, capacity 84684K, committed 85080K, reserved 1124352K
  class space    used 10444K, capacity 11003K, committed 11136K, reserved 1048576K
Event: 570.195 GC heap after
Heap after GC invocations=46 (full 5):
 PSYoungGen      total 437248K, used 15853K [0x00000000e0000000, 0x00000000fba80000, 0x0000000100000000)
  eden space 421376K, 0% used [0x00000000e0000000,0x00000000e0000000,0x00000000f9b80000)
  from space 15872K, 99% used [0x00000000f9b80000,0x00000000faafb678,0x00000000fab00000)
  to   space 13312K, 0% used [0x00000000fad80000,0x00000000fad80000,0x00000000fba80000)
 ParOldGen       total 109056K, used 94042K [0x00000000a0000000, 0x00000000a6a80000, 0x00000000e0000000)
  object space 109056K, 86% used [0x00000000a0000000,0x00000000a5bd6a40,0x00000000a6a80000)
 Metaspace       used 82005K, capacity 84684K, committed 85080K, reserved 1124352K
  class space    used 10444K, capacity 11003K, committed 11136K, reserved 1048576K
}
Event: 572.580 GC heap before
{Heap before GC invocations=47 (full 5):
 PSYoungGen      total 437248K, used 437229K [0x00000000e0000000, 0x00000000fba80000, 0x0000000100000000)
  eden space 421376K, 100% used [0x00000000e0000000,0x00000000f9b80000,0x00000000f9b80000)
  from space 15872K, 99% used [0x00000000f9b80000,0x00000000faafb678,0x00000000fab00000)
  to   space 13312K, 0% used [0x00000000fad80000,0x00000000fad80000,0x00000000fba80000)
 ParOldGen       total 109056K, used 94042K [0x00000000a0000000, 0x00000000a6a80000, 0x00000000e0000000)
  object space 109056K, 86% used [0x00000000a0000000,0x00000000a5bd6a40,0x00000000a6a80000)
 Metaspace       used 82011K, capacity 84684K, committed 85080K, reserved 1124352K
  class space    used 10445K, capacity 11003K, committed 11136K, reserved 1048576K
Event: 572.822 GC heap after
Heap after GC invocations=47 (full 5):
 PSYoungGen      total 434688K, used 9042K [0x00000000e0000000, 0x00000000fba80000, 0x0000000100000000)
  eden space 421376K, 0% used [0x00000000e0000000,0x00000000e0000000,0x00000000f9b80000)
  from space 13312K, 67% used [0x00000000fad80000,0x00000000fb654a20,0x00000000fba80000)
  to   space 15872K, 0% used [0x00000000f9b80000,0x00000000f9b80000,0x00000000fab00000)
 ParOldGen       total 109056K, used 108524K [0x00000000a0000000, 0x00000000a6a80000, 0x00000000e0000000)
  object space 109056K, 99% used [0x00000000a0000000,0x00000000a69fb320,0x00000000a6a80000)
 Metaspace       used 82011K, capacity 84684K, committed 85080K, reserved 1124352K
  class space    used 10445K, capacity 11003K, committed 11136K, reserved 1048576K
}
Event: 572.823 GC heap before
{Heap before GC invocations=48 (full 6):
 PSYoungGen      total 434688K, used 9042K [0x00000000e0000000, 0x00000000fba80000, 0x0000000100000000)
  eden space 421376K, 0% used [0x00000000e0000000,0x00000000e0000000,0x00000000f9b80000)
  from space 13312K, 67% used [0x00000000fad80000,0x00000000fb654a20,0x00000000fba80000)
  to   space 15872K, 0% used [0x00000000f9b80000,0x00000000f9b80000,0x00000000fab00000)
 ParOldGen       total 109056K, used 108524K [0x00000000a0000000, 0x00000000a6a80000, 0x00000000e0000000)
  object space 109056K, 99% used [0x00000000a0000000,0x00000000a69fb320,0x00000000a6a80000)
 Metaspace       used 82011K, capacity 84684K, committed 85080K, reserved 1124352K
  class space    used 10445K, capacity 11003K, committed 11136K, reserved 1048576K
Event: 589.326 GC heap after
Heap after GC invocations=48 (full 6):
 PSYoungGen      total 434688K, used 0K [0x00000000e0000000, 0x00000000fba80000, 0x0000000100000000)
  eden space 421376K, 0% used [0x00000000e0000000,0x00000000e0000000,0x00000000f9b80000)
  from space 13312K, 0% used [0x00000000fad80000,0x00000000fad80000,0x00000000fba80000)
  to   space 15872K, 0% used [0x00000000f9b80000,0x00000000f9b80000,0x00000000fab00000)
 ParOldGen       total 109056K, used 80198K [0x00000000a0000000, 0x00000000a6a80000, 0x00000000e0000000)
  object space 109056K, 73% used [0x00000000a0000000,0x00000000a4e51a10,0x00000000a6a80000)
 Metaspace       used 82011K, capacity 84684K, committed 85080K, reserved 1124352K
  class space    used 10445K, capacity 11003K, committed 11136K, reserved 1048576K
}
Event: 597.920 GC heap before
{Heap before GC invocations=49 (full 6):
 PSYoungGen      total 434688K, used 421376K [0x00000000e0000000, 0x00000000fba80000, 0x0000000100000000)
  eden space 421376K, 100% used [0x00000000e0000000,0x00000000f9b80000,0x00000000f9b80000)
  from space 13312K, 0% used [0x00000000fad80000,0x00000000fad80000,0x00000000fba80000)
  to   space 15872K, 0% used [0x00000000f9b80000,0x00000000f9b80000,0x00000000fab00000)
 ParOldGen       total 109056K, used 80198K [0x00000000a0000000, 0x00000000a6a80000, 0x00000000e0000000)
  object space 109056K, 73% used [0x00000000a0000000,0x00000000a4e51a10,0x00000000a6a80000)
 Metaspace       used 82024K, capacity 84748K, committed 85080K, reserved 1124352K
  class space    used 10447K, capacity 11003K, committed 11136K, reserved 1048576K
Event: 598.031 GC heap after
Heap after GC invocations=49 (full 6):
 PSYoungGen      total 437248K, used 13351K [0x00000000e0000000, 0x00000000fe380000, 0x0000000100000000)
  eden space 421376K, 0% used [0x00000000e0000000,0x00000000e0000000,0x00000000f9b80000)
  from space 15872K, 84% used [0x00000000f9b80000,0x00000000fa889db8,0x00000000fab00000)
  to   space 22016K, 0% used [0x00000000fce00000,0x00000000fce00000,0x00000000fe380000)
 ParOldGen       total 109056K, used 80198K [0x00000000a0000000, 0x00000000a6a80000, 0x00000000e0000000)
  object space 109056K, 73% used [0x00000000a0000000,0x00000000a4e51a10,0x00000000a6a80000)
 Metaspace       used 82024K, capacity 84748K, committed 85080K, reserved 1124352K
  class space    used 10447K, capacity 11003K, committed 11136K, reserved 1048576K
}
Event: 601.863 GC heap before
{Heap before GC invocations=50 (full 6):
 PSYoungGen      total 437248K, used 434727K [0x00000000e0000000, 0x00000000fe380000, 0x0000000100000000)
  eden space 421376K, 100% used [0x00000000e0000000,0x00000000f9b80000,0x00000000f9b80000)
  from space 15872K, 84% used [0x00000000f9b80000,0x00000000fa889db8,0x00000000fab00000)
  to   space 22016K, 0% used [0x00000000fce00000,0x00000000fce00000,0x00000000fe380000)
 ParOldGen       total 109056K, used 80198K [0x00000000a0000000, 0x00000000a6a80000, 0x00000000e0000000)
  object space 109056K, 73% used [0x00000000a0000000,0x00000000a4e51a10,0x00000000a6a80000)
 Metaspace       used 82050K, capacity 84748K, committed 85080K, reserved 1124352K
  class space    used 10449K, capacity 11003K, committed 11136K, reserved 1048576K
Event: 602.103 GC heap after
Heap after GC invocations=50 (full 6):
 PSYoungGen      total 471040K, used 19635K [0x00000000e0000000, 0x00000000fe680000, 0x0000000100000000)
  eden space 449024K, 0% used [0x00000000e0000000,0x00000000e0000000,0x00000000fb680000)
  from space 22016K, 89% used [0x00000000fce00000,0x00000000fe12ce28,0x00000000fe380000)
  to   space 24064K, 0% used [0x00000000fb680000,0x00000000fb680000,0x00000000fce00000)
 ParOldGen       total 109056K, used 80198K [0x00000000a0000000, 0x00000000a6a80000, 0x00000000e0000000)
  object space 109056K, 73% used [0x00000000a0000000,0x00000000a4e51a10,0x00000000a6a80000)
 Metaspace       used 82050K, capacity 84748K, committed 85080K, reserved 1124352K
  class space    used 10449K, capacity 11003K, committed 11136K, reserved 1048576K
}

Deoptimization events (10 events):
Event: 603.986 Thread 0x0000000018aa3000 Uncommon trap: reason=bimorphic action=maybe_recompile pc=0x0000000003db3894 method=java.security.MessageDigest$Delegate.clone()Ljava/lang/Object; @ 14
Event: 603.988 Thread 0x0000000018aa3000 Uncommon trap: reason=class_check action=maybe_recompile pc=0x0000000003c65ba4 method=java.lang.StringCoding.encode(Ljava/nio/charset/Charset;[CII)[B @ 1
Event: 604.164 Thread 0x0000000018aa3000 Uncommon trap: reason=unstable_if action=reinterpret pc=0x0000000004ef4ee8 method=java.util.Spliterators$ArraySpliterator.forEachRemaining(Ljava/util/function/Consumer;)V @ 46
Event: 604.265 Thread 0x0000000018aa3000 Uncommon trap: reason=unstable_if action=reinterpret pc=0x000000000318dbb0 method=com.google.gson.stream.JsonReader.nextQuotedValue(C)Ljava/lang/String; @ 96
Event: 604.358 Thread 0x0000000018aa3000 Uncommon trap: reason=bimorphic action=maybe_recompile pc=0x00000000045fae30 method=java.util.AbstractCollection.containsAll(Ljava/util/Collection;)Z @ 25
Event: 604.358 Thread 0x0000000018aa3000 Uncommon trap: reason=bimorphic action=maybe_recompile pc=0x00000000045fae30 method=java.util.AbstractCollection.containsAll(Ljava/util/Collection;)Z @ 25
Event: 604.630 Thread 0x000000001e762800 Uncommon trap: reason=array_check action=maybe_recompile pc=0x00000000048910e4 method=java.util.TimSort.mergeHi(IIII)V @ 282
Event: 604.633 Thread 0x000000001e762800 Uncommon trap: reason=array_check action=maybe_recompile pc=0x00000000048910e4 method=java.util.TimSort.mergeHi(IIII)V @ 282
Event: 604.633 Thread 0x000000001e762800 Uncommon trap: reason=predicate action=maybe_recompile pc=0x00000000047f9b04 method=java.util.TimSort.mergeLo(IIII)V @ 153
Event: 604.677 Thread 0x000000001e762800 Uncommon trap: reason=array_check action=maybe_recompile pc=0x000000000586e2d0 method=java.util.TimSort.mergeHi(IIII)V @ 282

Classes redefined (0 events):
No events

Internal exceptions (10 events):
Event: 569.794 Thread 0x000000001e762800 Exception <a 'sun/nio/fs/WindowsException'> (0x00000000f7e32bd8) thrown at [D:\src\AOSP-openjdk-cygwin\jdk8u\hotspot\src\share\vm\prims\jni.cpp, line 710]
Event: 571.698 Thread 0x0000000018aa2800 Exception <a 'sun/nio/fs/WindowsException'> (0x00000000ed9577d8) thrown at [D:\src\AOSP-openjdk-cygwin\jdk8u\hotspot\src\share\vm\prims\jni.cpp, line 710]
Event: 591.266 Thread 0x0000000018aa2800 Exception <a 'sun/nio/fs/WindowsException'> (0x00000000e34b3e30) thrown at [D:\src\AOSP-openjdk-cygwin\jdk8u\hotspot\src\share\vm\prims\jni.cpp, line 710]
Event: 595.421 Thread 0x000000001c3d2000 Exception <a 'sun/nio/fs/WindowsException'> (0x00000000f2447300) thrown at [D:\src\AOSP-openjdk-cygwin\jdk8u\hotspot\src\share\vm\prims\jni.cpp, line 710]
Event: 598.064 Thread 0x000000001c3d2000 Exception <a 'sun/nio/fs/WindowsException'> (0x00000000fa46c5a8) thrown at [D:\src\AOSP-openjdk-cygwin\jdk8u\hotspot\src\share\vm\prims\jni.cpp, line 710]
Event: 598.655 Thread 0x000000001c3d2000 Exception <a 'sun/nio/fs/WindowsException'> (0x00000000e4863d40) thrown at [D:\src\AOSP-openjdk-cygwin\jdk8u\hotspot\src\share\vm\prims\jni.cpp, line 710]
Event: 600.736 Thread 0x000000001c3d2000 Exception <a 'sun/nio/fs/WindowsException'> (0x00000000ed48bdf8) thrown at [D:\src\AOSP-openjdk-cygwin\jdk8u\hotspot\src\share\vm\prims\jni.cpp, line 710]
Event: 600.907 Thread 0x000000001c3d2000 Exception <a 'sun/nio/fs/WindowsException'> (0x00000000f0d23d78) thrown at [D:\src\AOSP-openjdk-cygwin\jdk8u\hotspot\src\share\vm\prims\jni.cpp, line 710]
Event: 601.820 Thread 0x0000000018aa3000 Exception <a 'sun/nio/fs/WindowsException'> (0x00000000f85fda48) thrown at [D:\src\AOSP-openjdk-cygwin\jdk8u\hotspot\src\share\vm\prims\jni.cpp, line 710]
Event: 603.769 Thread 0x0000000018aa2800 Exception <a 'sun/nio/fs/WindowsException'> (0x00000000f10ea800) thrown at [D:\src\AOSP-openjdk-cygwin\jdk8u\hotspot\src\share\vm\prims\jni.cpp, line 710]

Events (10 events):
Event: 604.633 Thread 0x000000001e762800 DEOPT PACKING pc=0x00000000048910e4 sp=0x00000000239fb890
Event: 604.633 Thread 0x000000001e762800 DEOPT UNPACKING pc=0x000000000259557b sp=0x00000000239fb880 mode 2
Event: 604.633 Thread 0x000000001e762800 Uncommon trap: trap_request=0xffffff86 fr.pc=0x00000000047f9b04
Event: 604.633 Thread 0x000000001e762800 DEOPT PACKING pc=0x00000000047f9b04 sp=0x00000000239fb850
Event: 604.633 Thread 0x000000001e762800 DEOPT UNPACKING pc=0x000000000259557b sp=0x00000000239fb850 mode 2
Event: 604.666 loading class org/gradle/workers/internal/SerializingActionExecutionSpec$ParameterSerializationException
Event: 604.666 loading class org/gradle/workers/internal/SerializingActionExecutionSpec$ParameterSerializationException done
Event: 604.677 Thread 0x000000001e762800 Uncommon trap: trap_request=0xffffffd6 fr.pc=0x000000000586e2d0
Event: 604.677 Thread 0x000000001e762800 DEOPT PACKING pc=0x000000000586e2d0 sp=0x00000000239fb840
Event: 604.677 Thread 0x000000001e762800 DEOPT UNPACKING pc=0x000000000259557b sp=0x00000000239fb830 mode 2


Dynamic libraries:
0x00007ff7d90e0000 - 0x00007ff7d9111000 	C:\Program Files\Android\Android Studio\jre\bin\java.exe
0x00007ffc58490000 - 0x00007ffc5867d000 	C:\WINDOWS\SYSTEM32\ntdll.dll
0x00007ffc571d0000 - 0x00007ffc57283000 	C:\WINDOWS\System32\KERNEL32.DLL
0x00007ffc54870000 - 0x00007ffc54b03000 	C:\WINDOWS\System32\KERNELBASE.dll
0x00007ffc556b0000 - 0x00007ffc55753000 	C:\WINDOWS\System32\ADVAPI32.dll
0x00007ffc57050000 - 0x00007ffc570ee000 	C:\WINDOWS\System32\msvcrt.dll
0x00007ffc55760000 - 0x00007ffc557fe000 	C:\WINDOWS\System32\sechost.dll
0x00007ffc57b50000 - 0x00007ffc57c72000 	C:\WINDOWS\System32\RPCRT4.dll
0x00007ffc582b0000 - 0x00007ffc58447000 	C:\WINDOWS\System32\USER32.dll
0x00007ffc54b70000 - 0x00007ffc54b90000 	C:\WINDOWS\System32\win32u.dll
0x00007ffc56ea0000 - 0x00007ffc56ec9000 	C:\WINDOWS\System32\GDI32.dll
0x00007ffc55510000 - 0x00007ffc556a9000 	C:\WINDOWS\System32\gdi32full.dll
0x00007ffc54550000 - 0x00007ffc545f0000 	C:\WINDOWS\System32\msvcp_win.dll
0x00007ffc54620000 - 0x00007ffc5471a000 	C:\WINDOWS\System32\ucrtbase.dll
0x00007ffc48e60000 - 0x00007ffc490d9000 	C:\WINDOWS\WinSxS\amd64_microsoft.windows.common-controls_6595b64144ccf1df_6.0.17763.1098_none_de762ed45346ee8a\COMCTL32.dll
0x00007ffc57d60000 - 0x00007ffc5808c000 	C:\WINDOWS\System32\combase.dll
0x00007ffc54720000 - 0x00007ffc5479e000 	C:\WINDOWS\System32\bcryptPrimitives.dll
0x00007ffc56e00000 - 0x00007ffc56e2e000 	C:\WINDOWS\System32\IMM32.DLL
0x000000005e100000 - 0x000000005e1d2000 	C:\Program Files\Android\Android Studio\jre\jre\bin\msvcr100.dll
0x000000005e210000 - 0x000000005ea56000 	C:\Program Files\Android\Android Studio\jre\jre\bin\server\jvm.dll
0x00007ffc58450000 - 0x00007ffc58458000 	C:\WINDOWS\System32\PSAPI.DLL
0x00007ffc490e0000 - 0x00007ffc490ea000 	C:\WINDOWS\SYSTEM32\VERSION.dll
0x00007ffc490f0000 - 0x00007ffc49114000 	C:\WINDOWS\SYSTEM32\WINMM.dll
0x00007ffc46af0000 - 0x00007ffc46af9000 	C:\WINDOWS\SYSTEM32\WSOCK32.dll
0x00007ffc56ed0000 - 0x00007ffc56f3d000 	C:\WINDOWS\System32\ws2_32.DLL
0x00007ffc48aa0000 - 0x00007ffc48acd000 	C:\WINDOWS\SYSTEM32\winmmbase.dll
0x00007ffc54b90000 - 0x00007ffc54bda000 	C:\WINDOWS\System32\cfgmgr32.dll
0x00007ffc4dcb0000 - 0x00007ffc4dcbf000 	C:\Program Files\Android\Android Studio\jre\jre\bin\verify.dll
0x00007ffc4a3b0000 - 0x00007ffc4a3d9000 	C:\Program Files\Android\Android Studio\jre\jre\bin\java.dll
0x00007ffc4c4f0000 - 0x00007ffc4c506000 	C:\Program Files\Android\Android Studio\jre\jre\bin\zip.dll
0x00007ffc55800000 - 0x00007ffc56cf4000 	C:\WINDOWS\System32\SHELL32.dll
0x00007ffc56f40000 - 0x00007ffc56fe8000 	C:\WINDOWS\System32\shcore.dll
0x00007ffc54dc0000 - 0x00007ffc5550d000 	C:\WINDOWS\System32\windows.storage.dll
0x00007ffc54480000 - 0x00007ffc544a4000 	C:\WINDOWS\System32\profapi.dll
0x00007ffc544b0000 - 0x00007ffc5450d000 	C:\WINDOWS\System32\powrprof.dll
0x00007ffc56ff0000 - 0x00007ffc57042000 	C:\WINDOWS\System32\shlwapi.dll
0x00007ffc54530000 - 0x00007ffc54541000 	C:\WINDOWS\System32\kernel.appcore.dll
0x00007ffc54850000 - 0x00007ffc54867000 	C:\WINDOWS\System32\cryptsp.dll
0x00007ffc4b170000 - 0x00007ffc4b18a000 	C:\Program Files\Android\Android Studio\jre\jre\bin\net.dll
0x00007ffc53cf0000 - 0x00007ffc53d57000 	C:\WINDOWS\system32\mswsock.dll
0x00007ffc4a2b0000 - 0x00007ffc4a2c1000 	C:\Program Files\Android\Android Studio\jre\jre\bin\nio.dll
0x00007ffc45c70000 - 0x00007ffc45c96000 	C:\Users\LENOVO\.gradle\native\29\windows-amd64\native-platform.dll
0x00007ffc4c050000 - 0x00007ffc4c05d000 	C:\Program Files\Android\Android Studio\jre\jre\bin\management.dll
0x00007ffc53870000 - 0x00007ffc538a3000 	C:\WINDOWS\system32\rsaenh.dll
0x00007ffc545f0000 - 0x00007ffc54616000 	C:\WINDOWS\System32\bcrypt.dll
0x00007ffc54380000 - 0x00007ffc543a8000 	C:\WINDOWS\SYSTEM32\USERENV.dll
0x00007ffc53ec0000 - 0x00007ffc53ecc000 	C:\WINDOWS\SYSTEM32\CRYPTBASE.dll
0x00007ffc53a10000 - 0x00007ffc53a4d000 	C:\WINDOWS\SYSTEM32\IPHLPAPI.DLL
0x00007ffc571c0000 - 0x00007ffc571c8000 	C:\WINDOWS\System32\NSI.dll
0x00007ffc4cec0000 - 0x00007ffc4ced6000 	C:\WINDOWS\SYSTEM32\dhcpcsvc6.DLL
0x00007ffc4cf00000 - 0x00007ffc4cf1c000 	C:\WINDOWS\SYSTEM32\dhcpcsvc.DLL
0x00007ffc53a50000 - 0x00007ffc53b16000 	C:\WINDOWS\SYSTEM32\DNSAPI.dll

VM Arguments:
jvm_args: -Xmx1536m -Dfile.encoding=windows-1252 -Duser.country=US -Duser.language=en -Duser.variant 
java_command: org.gradle.launcher.daemon.bootstrap.GradleDaemon 5.4.1
java_class_path (initial): C:\Users\LENOVO\.gradle\wrapper\dists\gradle-5.4.1-all\3221gyojl5jsh0helicew7rwx\gradle-5.4.1\lib\gradle-launcher-5.4.1.jar
Launcher Type: SUN_STANDARD

Environment Variables:
PATH=C:\Program Files (x86)\Common Files\Oracle\Java\javapath;C:\WINDOWS\system32;C:\WINDOWS;C:\WINDOWS\System32\Wbem;C:\WINDOWS\System32\WindowsPowerShell\v1.0\;C:\WINDOWS\System32\OpenSSH\;C:\xampp\php;C:\composer;C:\Program Files\Git\cmd;C:\Program Files\MATLAB\R2016a\runtime\win64;C:\Program Files\MATLAB\R2016a\bin;C:\Program Files\MATLAB\R2016a\polyspace\bin;C:\ProgramData\chocolatey\bin;C:\Program Files\nodejs\;C:\Users\LENOVO\AppData\Local\Microsoft\WindowsApps;C:\Users\LENOVO\AppData\Local\atom\bin;C:\Users\LENOVO\AppData\Local\Microsoft\WindowsApps;C:\Users\LENOVO\AppData\Roaming\Composer\vendor\bin;C:\Users\LENOVO\Downloads\Compressed\flutter\bin;;C:\Users\LENOVO\AppData\Local\Programs\Microsoft VS Code\bin;C:\Users\LENOVO\AppData\Roaming\npm
USERNAME=LENOVO
OS=Windows_NT
PROCESSOR_IDENTIFIER=Intel64 Family 6 Model 58 Stepping 9, GenuineIntel



---------------  S Y S T E M  ---------------

OS: Windows 10.0 , 64 bit Build 17763 (10.0.17763.475)

CPU:total 4 (initial active 4) (2 cores per cpu, 2 threads per core) family 6 model 58 stepping 9, cmov, cx8, fxsr, mmx, sse, sse2, sse3, ssse3, sse4.1, sse4.2, popcnt, avx, clmul, erms, ht, tsc, tscinvbit, tscinv

Memory: 4k page, physical 2708612k(157036k free), swap 10685776k(7904k free)

vm_info: OpenJDK 64-Bit Server VM (25.202-b03) for windows-amd64 JRE (1.8.0_202-release-1483-b03), built by "builder" with MS VC++ 10.0 (VS2010)

time: Thu Apr 16 06:35:22 2020
timezone: SE Asia Standard Time
elapsed time: 604 seconds (0d 0h 10m 4s)

