#
# There is insufficient memory for the Java Runtime Environment to continue.
# Native memory allocation (malloc) failed to allocate 928720 bytes for Chunk::new
# Possible reasons:
#   The system is out of physical RAM or swap space
#   The process is running with CompressedOops enabled, and the Java Heap may be blocking the growth of the native heap
# Possible solutions:
#   Reduce memory load on the system
#   Increase physical memory or swap space
#   Check if swap backing store is full
#   Decrease Java heap size (-Xmx/-Xms)
#   Decrease number of Java threads
#   Decrease Java thread stack sizes (-Xss)
#   Set larger code cache with -XX:ReservedCodeCacheSize=
#   JVM is running with Unscaled Compressed Oops mode in which the Java heap is
#     placed in the first 4GB address space. The Java Heap base address is the
#     maximum limit for the native heap growth. Please use -XX:HeapBaseMinAddress
#     to set the Java Heap base and to place the Java Heap above 4GB virtual address.
# This output file may be truncated or incomplete.
#
#  Out of Memory Error (allocation.cpp:389), pid=7544, tid=0x0000000000000a74
#
# JRE version: OpenJDK Runtime Environment (8.0_202-b03) (build 1.8.0_202-release-1483-b03)
# Java VM: OpenJDK 64-Bit Server VM (25.202-b03 mixed mode windows-amd64 compressed oops)
# Failed to write core dump. Minidumps are not enabled by default on client versions of Windows
#

---------------  T H R E A D  ---------------

Current thread (0x0000000016737800):  JavaThread "C2 CompilerThread0" daemon [_thread_in_native, id=2676, stack(0x0000000017d90000,0x0000000017e90000)]

Stack: [0x0000000017d90000,0x0000000017e90000]
[error occurred during error reporting (printing stack bounds), id 0xc0000005]

Native frames: (J=compiled Java code, j=interpreted, Vv=VM code, C=native code)


Current CompileTask:
C2:1197601 11596 %     4       org.objectweb.asm.ClassReader::readCode @ 1446 (3575 bytes)


---------------  P R O C E S S  ---------------

Java Threads: ( => current thread )
  0x000000001d280800 JavaThread "ForkJoinPool.commonPool-worker-1" daemon [_thread_blocked, id=9084, stack(0x0000000027910000,0x0000000027a10000)]
  0x000000001d285800 JavaThread "Cache worker for Java compile cache (C:\Users\LENOVO\AndroidStudioProjects\NotifikasiKecelakaan\.gradle\5.4.1\javaCompile)" [_thread_blocked, id=10780, stack(0x0000000027810000,0x0000000027910000)]
  0x000000001d285000 JavaThread "Cache worker for Java compile cache (C:\Users\LENOVO\.gradle\caches\5.4.1\javaCompile)" [_thread_blocked, id=10820, stack(0x0000000027710000,0x0000000027810000)]
  0x000000001d284000 JavaThread "Cache worker for execution history cache (C:\Users\LENOVO\AndroidStudioProjects\NotifikasiKecelakaan\.gradle\5.4.1\executionHistory)" [_thread_blocked, id=12280, stack(0x0000000027610000,0x0000000027710000)]
  0x000000001d27b000 JavaThread "Execution worker for ':' Thread 3" [_thread_blocked, id=9936, stack(0x0000000027510000,0x0000000027610000)]
  0x000000001d27c800 JavaThread "Execution worker for ':' Thread 2" [_thread_in_Java, id=11636, stack(0x0000000027410000,0x0000000027510000)]
  0x000000001d278800 JavaThread "Execution worker for ':'" [_thread_blocked, id=6624, stack(0x0000000027310000,0x0000000027410000)]
  0x000000001d278000 JavaThread "Cache worker for file content cache (C:\Users\LENOVO\AndroidStudioProjects\NotifikasiKecelakaan\.gradle\5.4.1\fileContent)" [_thread_blocked, id=2264, stack(0x0000000027110000,0x0000000027210000)]
  0x000000001d279800 JavaThread "Cache worker for file content cache (C:\Users\LENOVO\.gradle\caches\5.4.1\fileContent)" [_thread_blocked, id=7784, stack(0x0000000027010000,0x0000000027110000)]
  0x000000001c5e1800 JavaThread "Cache worker for Build Output Cleanup Cache (C:\Users\LENOVO\AndroidStudioProjects\NotifikasiKecelakaan\.gradle\buildOutputCleanup)" [_thread_blocked, id=9404, stack(0x0000000026f10000,0x0000000027010000)]
  0x000000001c5e5000 JavaThread "pool-3-thread-1" [_thread_blocked, id=6740, stack(0x0000000026e10000,0x0000000026f10000)]
  0x000000001c5e0800 JavaThread "Build operations Thread 4" [_thread_blocked, id=11972, stack(0x0000000026d10000,0x0000000026e10000)]
  0x000000001c5e3000 JavaThread "Build operations Thread 3" [_thread_blocked, id=11876, stack(0x0000000026c10000,0x0000000026d10000)]
  0x000000001c5e4800 JavaThread "Build operations Thread 2" [_thread_blocked, id=6168, stack(0x0000000026b10000,0x0000000026c10000)]
  0x000000001c5e2000 JavaThread "Build operations" [_thread_blocked, id=10536, stack(0x0000000026a10000,0x0000000026b10000)]
  0x000000001c5e3800 JavaThread "Cache worker for cache directory md-rule (C:\Users\LENOVO\.gradle\caches\5.4.1\md-rule)" [_thread_blocked, id=11424, stack(0x0000000026910000,0x0000000026a10000)]
  0x000000001c5d9000 JavaThread "Cache worker for cache directory md-supplier (C:\Users\LENOVO\.gradle\caches\5.4.1\md-supplier)" [_thread_blocked, id=8072, stack(0x0000000026810000,0x0000000026910000)]
  0x000000001c5e0000 JavaThread "Cache worker for file hash cache (C:\Users\LENOVO\AndroidStudioProjects\NotifikasiKecelakaan\.gradle\5.4.1\fileHashes)" [_thread_blocked, id=11920, stack(0x0000000026710000,0x0000000026810000)]
  0x000000001c5df000 JavaThread "Thread-46" [_thread_blocked, id=11336, stack(0x0000000026610000,0x0000000026710000)]
  0x000000001c5d8800 JavaThread "Stdin handler" [_thread_blocked, id=11760, stack(0x0000000026510000,0x0000000026610000)]
  0x000000001c5dc000 JavaThread "Asynchronous log dispatcher for DefaultDaemonConnection: socket connection from /127.0.0.1:53378 to /127.0.0.1:53534" [_thread_blocked, id=9460, stack(0x0000000026410000,0x0000000026510000)]
  0x000000001c5da000 JavaThread "Daemon worker Thread 3" [_thread_blocked, id=8524, stack(0x0000000026310000,0x0000000026410000)]
  0x000000001c5de800 JavaThread "Cancel handler" [_thread_blocked, id=10048, stack(0x0000000026210000,0x0000000026310000)]
  0x000000001c5d7800 JavaThread "Handler for socket connection from /127.0.0.1:53378 to /127.0.0.1:53534" [_thread_in_native, id=5876, stack(0x0000000026110000,0x0000000026210000)]
  0x000000001c5da800 JavaThread "Daemon Thread 3" [_thread_blocked, id=4076, stack(0x0000000026010000,0x0000000026110000)]
  0x000000001d282000 JavaThread "Memory manager" [_thread_blocked, id=5816, stack(0x00000000233e0000,0x00000000234e0000)]
  0x000000001d27e000 JavaThread "Cache worker for execution history cache (C:\Users\LENOVO\.gradle\caches\5.4.1\executionHistory)" [_thread_blocked, id=12024, stack(0x0000000021740000,0x0000000021840000)]
  0x0000000019b94000 JavaThread "Cache worker for journal cache (C:\Users\LENOVO\.gradle\caches\journal-1)" [_thread_blocked, id=10404, stack(0x000000001b2e0000,0x000000001b3e0000)]
  0x0000000019b92800 JavaThread "File lock request listener" [_thread_in_native, id=6240, stack(0x000000001b1e0000,0x000000001b2e0000)]
  0x0000000019b96800 JavaThread "Cache worker for file hash cache (C:\Users\LENOVO\.gradle\caches\5.4.1\fileHashes)" [_thread_blocked, id=8080, stack(0x000000001b0e0000,0x000000001b1e0000)]
  0x000000001818a800 JavaThread "Daemon periodic checks" [_thread_blocked, id=11692, stack(0x000000001a6e0000,0x000000001a7e0000)]
  0x0000000019882800 JavaThread "Incoming local TCP Connector on port 53378" [_thread_in_native, id=10660, stack(0x000000001a4a0000,0x000000001a5a0000)]
  0x00000000197b7800 JavaThread "Daemon health stats" [_thread_blocked, id=6940, stack(0x0000000019e60000,0x0000000019f60000)]
  0x0000000017f9e000 JavaThread "Service Thread" daemon [_thread_blocked, id=11216, stack(0x0000000018490000,0x0000000018590000)]
  0x0000000017f98800 JavaThread "C1 CompilerThread2" daemon [_thread_blocked, id=11680, stack(0x0000000018390000,0x0000000018490000)]
  0x000000001672b800 JavaThread "C2 CompilerThread1" daemon [_thread_blocked, id=12072, stack(0x0000000017e90000,0x0000000017f90000)]
=>0x0000000016737800 JavaThread "C2 CompilerThread0" daemon [_thread_in_native, id=2676, stack(0x0000000017d90000,0x0000000017e90000)]
  0x0000000016736000 JavaThread "Attach Listener" daemon [_thread_blocked, id=11512, stack(0x0000000017c90000,0x0000000017d90000)]
  0x0000000016734800 JavaThread "Signal Dispatcher" daemon [_thread_blocked, id=8868, stack(0x0000000017b90000,0x0000000017c90000)]
  0x0000000002dbb000 JavaThread "Finalizer" daemon [_thread_blocked, id=10292, stack(0x0000000017990000,0x0000000017a90000)]
  0x0000000016719000 JavaThread "Reference Handler" daemon [_thread_blocked, id=4404, stack(0x0000000017890000,0x0000000017990000)]
  0x0000000002a8e800 JavaThread "main" [_thread_blocked, id=11960, stack(0x0000000002bc0000,0x0000000002cc0000)]

Other Threads:
  0x00000000166f6000 VMThread [stack: 0x0000000017790000,0x0000000017890000] [id=10952]
  0x0000000017fa0000 WatcherThread [stack: 0x0000000018590000,0x0000000018690000] [id=10724]

VM state:not at safepoint (normal execution)

VM Mutex/Monitor currently owned by a thread: None

heap address: 0x00000000a0000000, size: 1536 MB, Compressed Oops mode: 32-bit
Narrow klass base: 0x0000000000000000, Narrow klass shift: 3
Compressed class space size: 1073741824 Address: 0x0000000100000000

Heap:
 PSYoungGen      total 309760K, used 170650K [0x00000000e0000000, 0x00000000f6080000, 0x0000000100000000)
  eden space 287232K, 51% used [0x00000000e0000000,0x00000000e90adc60,0x00000000f1880000)
  from space 22528K, 99% used [0x00000000f3700000,0x00000000f4cf8cc8,0x00000000f4d00000)
  to   space 31232K, 0% used [0x00000000f1880000,0x00000000f1880000,0x00000000f3700000)
 ParOldGen       total 71680K, used 48827K [0x00000000a0000000, 0x00000000a4600000, 0x00000000e0000000)
  object space 71680K, 68% used [0x00000000a0000000,0x00000000a2faed20,0x00000000a4600000)
 Metaspace       used 75763K, capacity 78086K, committed 78168K, reserved 1118208K
  class space    used 9780K, capacity 10338K, committed 10368K, reserved 1048576K

Card table byte_map: [0x0000000012180000,0x0000000012490000] byte_map_base: 0x0000000011c80000

Marking Bits: (ParMarkBitMap*) 0x0000000071ae9f30
 Begin Bits: [0x0000000012a90000, 0x0000000014290000)
 End Bits:   [0x0000000014290000, 0x0000000015a90000)

Polling page: 0x00000000009e0000

CodeCache: size=245760Kb used=33093Kb max_used=33285Kb free=212667Kb
 bounds [0x0000000002dc0000, 0x0000000004ea0000, 0x0000000011dc0000]
 total_blobs=10764 nmethods=9919 adapters=757
 compilation: enabled

Compilation events (10 events):
Event: 1197.585 Thread 0x0000000017f98800 nmethod 11611 0x00000000037c35d0 code [0x00000000037c3760, 0x00000000037c3b78]
Event: 1197.585 Thread 0x0000000017f98800 11612       1       com.android.builder.desugaring.DesugaringData::getDependencies (5 bytes)
Event: 1197.586 Thread 0x0000000017f98800 nmethod 11612 0x00000000049b1810 code [0x00000000049b1960, 0x00000000049b1a70]
Event: 1197.586 Thread 0x0000000017f98800 11613       1       com.android.builder.desugaring.DesugaringData::getPath (5 bytes)
Event: 1197.586 Thread 0x0000000017f98800 nmethod 11613 0x0000000003d0e1d0 code [0x0000000003d0e320, 0x0000000003d0e430]
Event: 1197.586 Thread 0x0000000017f98800 11614       3       com.google.common.collect.Maps::capacity (34 bytes)
Event: 1197.586 Thread 0x0000000017f98800 nmethod 11614 0x0000000003c3fd90 code [0x0000000003c3ff40, 0x0000000003c40188]
Event: 1197.586 Thread 0x0000000017f98800 11615       3       com.android.builder.desugaring.DesugaringData::getInternalName (13 bytes)
Event: 1197.587 Thread 0x0000000017f98800 nmethod 11615 0x0000000003809b50 code [0x0000000003809ce0, 0x000000000380a068]
Event: 1197.587 Thread 0x0000000017f98800 11616       3       com.google.common.collect.Sets::newHashSetWithExpectedSize (12 bytes)

GC Heap History (10 events):
Event: 44.864 GC heap before
{Heap before GC invocations=15 (full 2):
 PSYoungGen      total 181248K, used 181232K [0x00000000e0000000, 0x00000000ecb00000, 0x0000000100000000)
  eden space 168448K, 100% used [0x00000000e0000000,0x00000000ea480000,0x00000000ea480000)
  from space 12800K, 99% used [0x00000000ebe80000,0x00000000ecafc218,0x00000000ecb00000)
  to   space 15872K, 0% used [0x00000000eac00000,0x00000000eac00000,0x00000000ebb80000)
 ParOldGen       total 42496K, used 19006K [0x00000000a0000000, 0x00000000a2980000, 0x00000000e0000000)
  object space 42496K, 44% used [0x00000000a0000000,0x00000000a128fa60,0x00000000a2980000)
 Metaspace       used 55199K, capacity 56692K, committed 56792K, reserved 1097728K
  class space    used 7501K, capacity 7875K, committed 7936K, reserved 1048576K
Event: 44.950 GC heap after
Heap after GC invocations=15 (full 2):
 PSYoungGen      total 192000K, used 15871K [0x00000000e0000000, 0x00000000f0e80000, 0x0000000100000000)
  eden space 176128K, 0% used [0x00000000e0000000,0x00000000e0000000,0x00000000eac00000)
  from space 15872K, 99% used [0x00000000eac00000,0x00000000ebb7fc68,0x00000000ebb80000)
  to   space 22016K, 0% used [0x00000000ef900000,0x00000000ef900000,0x00000000f0e80000)
 ParOldGen       total 42496K, used 27611K [0x00000000a0000000, 0x00000000a2980000, 0x00000000e0000000)
  object space 42496K, 64% used [0x00000000a0000000,0x00000000a1af6d18,0x00000000a2980000)
 Metaspace       used 55199K, capacity 56692K, committed 56792K, reserved 1097728K
  class space    used 7501K, capacity 7875K, committed 7936K, reserved 1048576K
}
Event: 47.930 GC heap before
{Heap before GC invocations=16 (full 2):
 PSYoungGen      total 192000K, used 105996K [0x00000000e0000000, 0x00000000f0e80000, 0x0000000100000000)
  eden space 176128K, 51% used [0x00000000e0000000,0x00000000e58036d8,0x00000000eac00000)
  from space 15872K, 99% used [0x00000000eac00000,0x00000000ebb7fc68,0x00000000ebb80000)
  to   space 22016K, 0% used [0x00000000ef900000,0x00000000ef900000,0x00000000f0e80000)
 ParOldGen       total 42496K, used 27611K [0x00000000a0000000, 0x00000000a2980000, 0x00000000e0000000)
  object space 42496K, 64% used [0x00000000a0000000,0x00000000a1af6d18,0x00000000a2980000)
 Metaspace       used 57344K, capacity 58954K, committed 59028K, reserved 1099776K
  class space    used 7691K, capacity 8118K, committed 8192K, reserved 1048576K
Event: 47.960 GC heap after
Heap after GC invocations=16 (full 2):
 PSYoungGen      total 256000K, used 4159K [0x00000000e0000000, 0x00000000f1280000, 0x0000000100000000)
  eden space 233984K, 0% used [0x00000000e0000000,0x00000000e0000000,0x00000000ee480000)
  from space 22016K, 18% used [0x00000000ef900000,0x00000000efd0fe10,0x00000000f0e80000)
  to   space 20992K, 0% used [0x00000000ee480000,0x00000000ee480000,0x00000000ef900000)
 ParOldGen       total 42496K, used 36365K [0x00000000a0000000, 0x00000000a2980000, 0x00000000e0000000)
  object space 42496K, 85% used [0x00000000a0000000,0x00000000a23835e8,0x00000000a2980000)
 Metaspace       used 57344K, capacity 58954K, committed 59028K, reserved 1099776K
  class space    used 7691K, capacity 8118K, committed 8192K, reserved 1048576K
}
Event: 47.960 GC heap before
{Heap before GC invocations=17 (full 3):
 PSYoungGen      total 256000K, used 4159K [0x00000000e0000000, 0x00000000f1280000, 0x0000000100000000)
  eden space 233984K, 0% used [0x00000000e0000000,0x00000000e0000000,0x00000000ee480000)
  from space 22016K, 18% used [0x00000000ef900000,0x00000000efd0fe10,0x00000000f0e80000)
  to   space 20992K, 0% used [0x00000000ee480000,0x00000000ee480000,0x00000000ef900000)
 ParOldGen       total 42496K, used 36365K [0x00000000a0000000, 0x00000000a2980000, 0x00000000e0000000)
  object space 42496K, 85% used [0x00000000a0000000,0x00000000a23835e8,0x00000000a2980000)
 Metaspace       used 57344K, capacity 58954K, committed 59028K, reserved 1099776K
  class space    used 7691K, capacity 8118K, committed 8192K, reserved 1048576K
Event: 48.831 GC heap after
Heap after GC invocations=17 (full 3):
 PSYoungGen      total 256000K, used 0K [0x00000000e0000000, 0x00000000f1280000, 0x0000000100000000)
  eden space 233984K, 0% used [0x00000000e0000000,0x00000000e0000000,0x00000000ee480000)
  from space 22016K, 0% used [0x00000000ef900000,0x00000000ef900000,0x00000000f0e80000)
  to   space 20992K, 0% used [0x00000000ee480000,0x00000000ee480000,0x00000000ef900000)
 ParOldGen       total 71680K, used 35803K [0x00000000a0000000, 0x00000000a4600000, 0x00000000e0000000)
  object space 71680K, 49% used [0x00000000a0000000,0x00000000a22f6ca0,0x00000000a4600000)
 Metaspace       used 57344K, capacity 58954K, committed 59028K, reserved 1099776K
  class space    used 7691K, capacity 8118K, committed 8192K, reserved 1048576K
}
Event: 1166.319 GC heap before
{Heap before GC invocations=18 (full 3):
 PSYoungGen      total 256000K, used 233984K [0x00000000e0000000, 0x00000000f1280000, 0x0000000100000000)
  eden space 233984K, 100% used [0x00000000e0000000,0x00000000ee480000,0x00000000ee480000)
  from space 22016K, 0% used [0x00000000ef900000,0x00000000ef900000,0x00000000f0e80000)
  to   space 20992K, 0% used [0x00000000ee480000,0x00000000ee480000,0x00000000ef900000)
 ParOldGen       total 71680K, used 35803K [0x00000000a0000000, 0x00000000a4600000, 0x00000000e0000000)
  object space 71680K, 49% used [0x00000000a0000000,0x00000000a22f6ca0,0x00000000a4600000)
 Metaspace       used 67148K, capacity 69258K, committed 69464K, reserved 1110016K
  class space    used 8747K, capacity 9230K, committed 9344K, reserved 1048576K
Event: 1167.515 GC heap after
Heap after GC invocations=18 (full 3):
 PSYoungGen      total 254976K, used 14931K [0x00000000e0000000, 0x00000000f4d00000, 0x0000000100000000)
  eden space 233984K, 0% used [0x00000000e0000000,0x00000000e0000000,0x00000000ee480000)
  from space 20992K, 71% used [0x00000000ee480000,0x00000000ef314d68,0x00000000ef900000)
  to   space 22528K, 0% used [0x00000000f3700000,0x00000000f3700000,0x00000000f4d00000)
 ParOldGen       total 71680K, used 35875K [0x00000000a0000000, 0x00000000a4600000, 0x00000000e0000000)
  object space 71680K, 50% used [0x00000000a0000000,0x00000000a2308cb0,0x00000000a4600000)
 Metaspace       used 67148K, capacity 69258K, committed 69464K, reserved 1110016K
  class space    used 8747K, capacity 9230K, committed 9344K, reserved 1048576K
}
Event: 1189.259 GC heap before
{Heap before GC invocations=19 (full 3):
 PSYoungGen      total 254976K, used 248915K [0x00000000e0000000, 0x00000000f4d00000, 0x0000000100000000)
  eden space 233984K, 100% used [0x00000000e0000000,0x00000000ee480000,0x00000000ee480000)
  from space 20992K, 71% used [0x00000000ee480000,0x00000000ef314d68,0x00000000ef900000)
  to   space 22528K, 0% used [0x00000000f3700000,0x00000000f3700000,0x00000000f4d00000)
 ParOldGen       total 71680K, used 35875K [0x00000000a0000000, 0x00000000a4600000, 0x00000000e0000000)
  object space 71680K, 50% used [0x00000000a0000000,0x00000000a2308cb0,0x00000000a4600000)
 Metaspace       used 73431K, capacity 75574K, committed 75608K, reserved 1114112K
  class space    used 9556K, capacity 10078K, committed 10112K, reserved 1048576K
Event: 1189.757 GC heap after
Heap after GC invocations=19 (full 3):
 PSYoungGen      total 309760K, used 22499K [0x00000000e0000000, 0x00000000f6080000, 0x0000000100000000)
  eden space 287232K, 0% used [0x00000000e0000000,0x00000000e0000000,0x00000000f1880000)
  from space 22528K, 99% used [0x00000000f3700000,0x00000000f4cf8cc8,0x00000000f4d00000)
  to   space 31232K, 0% used [0x00000000f1880000,0x00000000f1880000,0x00000000f3700000)
 ParOldGen       total 71680K, used 48827K [0x00000000a0000000, 0x00000000a4600000, 0x00000000e0000000)
  object space 71680K, 68% used [0x00000000a0000000,0x00000000a2faed20,0x00000000a4600000)
 Metaspace       used 73431K, capacity 75574K, committed 75608K, reserved 1114112K
  class space    used 9556K, capacity 10078K, committed 10112K, reserved 1048576K
}

Deoptimization events (10 events):
Event: 1196.769 Thread 0x000000001d27c800 Uncommon trap: reason=unstable_if action=reinterpret pc=0x0000000003b30230 method=java.lang.Character.isSurrogate(C)Z @ 3
Event: 1196.770 Thread 0x000000001d27c800 Uncommon trap: reason=predicate action=maybe_recompile pc=0x0000000003df1838 method=java.nio.charset.CharsetEncoder.encode(Ljava/nio/CharBuffer;Ljava/nio/ByteBuffer;Z)Ljava/nio/charset/CoderResult; @ 54
Event: 1196.798 Thread 0x000000001d27c800 Uncommon trap: reason=unstable_if action=reinterpret pc=0x0000000002f78c28 method=com.google.gson.stream.JsonReader.nextQuotedValue(C)Ljava/lang/String; @ 96
Event: 1196.867 Thread 0x000000001d280800 Uncommon trap: reason=unstable_if action=reinterpret pc=0x0000000004e55ff0 method=java.nio.file.FileTreeWalker.visit(Ljava/nio/file/Path;ZZ)Ljava/nio/file/FileTreeWalker$Event; @ 84
Event: 1196.867 Thread 0x000000001d280800 Uncommon trap: reason=unstable_if action=reinterpret pc=0x000000000483f0e8 method=java.nio.file.FileTreeWalker.getAttributes(Ljava/nio/file/Path;Z)Ljava/nio/file/attribute/BasicFileAttributes; @ 35
Event: 1196.867 Thread 0x000000001d280800 Uncommon trap: reason=unstable_if action=reinterpret pc=0x0000000004877910 method=java.nio.file.FileTreeWalker.visit(Ljava/nio/file/Path;ZZ)Ljava/nio/file/FileTreeWalker$Event; @ 84
Event: 1196.868 Thread 0x000000001d280800 Uncommon trap: reason=unstable_if action=reinterpret pc=0x00000000045f0388 method=sun.nio.fs.WindowsPathParser.isLetter(C)Z @ 3
Event: 1197.340 Thread 0x000000001d280800 Uncommon trap: reason=unstable_if action=reinterpret pc=0x0000000003eba094 method=org.objectweb.asm.ClassReader.readUTF8(I[C)Ljava/lang/String; @ 7
Event: 1197.347 Thread 0x000000001d280800 Uncommon trap: reason=unstable_if action=reinterpret pc=0x000000000382bda4 method=org.objectweb.asm.ClassReader.readField(Lorg/objectweb/asm/ClassVisitor;Lorg/objectweb/asm/Context;I)I @ 90
Event: 1197.364 Thread 0x000000001d280800 Uncommon trap: reason=unloaded action=reinterpret pc=0x000000000381a810 method=org.objectweb.asm.ClassReader.readConst(I[C)Ljava/lang/Object; @ 119

Classes redefined (0 events):
No events

Internal exceptions (10 events):
Event: 1175.209 Thread 0x000000001c5da000 Exception <a 'java/lang/ClassNotFoundException': com/android/build/gradle/tasks/ResourceAwareTaskCustomizer> (0x00000000e20ecda0) thrown at [D:\src\AOSP-openjdk-cygwin\jdk8u\hotspot\src\share\vm\classfile\systemDictionary.cpp, line 210]
Event: 1175.213 Thread 0x000000001c5da000 Exception <a 'java/lang/ClassNotFoundException': com/android/build/gradle/tasks/MergeResourcesCustomizer> (0x00000000e21258d0) thrown at [D:\src\AOSP-openjdk-cygwin\jdk8u\hotspot\src\share\vm\classfile\systemDictionary.cpp, line 210]
Event: 1175.218 Thread 0x000000001c5da000 Exception <a 'java/lang/ClassNotFoundException': com/android/build/gradle/tasks/MergeResources_DecoratedCustomizer> (0x00000000e2172428) thrown at [D:\src\AOSP-openjdk-cygwin\jdk8u\hotspot\src\share\vm\classfile\systemDictionary.cpp, line 210]
Event: 1179.945 Thread 0x000000001c5da000 Exception <a 'java/lang/NoSuchMethodError': <clinit>> (0x00000000e97c47e0) thrown at [D:\src\AOSP-openjdk-cygwin\jdk8u\hotspot\src\share\vm\prims\jni.cpp, line 1614]
Event: 1180.989 Thread 0x000000001c5da000 Implicit null exception at 0x000000000491cf7e to 0x000000000491d8b9
Event: 1181.263 Thread 0x000000001c5e4800 Implicit null exception at 0x000000000491139f to 0x0000000004911851
Event: 1191.113 Thread 0x000000001c5da000 Implicit null exception at 0x0000000004b79e98 to 0x0000000004b79ece
Event: 1195.167 Thread 0x000000001c5df000 Exception <a 'java/lang/NoSuchMethodError': <clinit>> (0x00000000e015de88) thrown at [D:\src\AOSP-openjdk-cygwin\jdk8u\hotspot\src\share\vm\prims\jni.cpp, line 1614]
Event: 1196.847 Thread 0x000000001d280800 Exception <a 'sun/nio/fs/WindowsException'> (0x00000000e8271938) thrown at [D:\src\AOSP-openjdk-cygwin\jdk8u\hotspot\src\share\vm\prims\jni.cpp, line 710]
Event: 1196.870 Thread 0x000000001d280800 Exception <a 'java/lang/NoSuchMethodError': java.lang.Object.lambda$static$0(Ljava/lang/String;)Z> (0x00000000e82964b0) thrown at [D:\src\AOSP-openjdk-cygwin\jdk8u\hotspot\src\share\vm\interpreter\linkResolver.cpp, line 620]

Events (10 events):
Event: 1197.340 Thread 0x000000001d280800 DEOPT PACKING pc=0x0000000003eba094 sp=0x0000000027a0ea40
Event: 1197.340 Thread 0x000000001d280800 DEOPT UNPACKING pc=0x0000000002e0557b sp=0x0000000027a0ea10 mode 2
Event: 1197.344 loading class org/objectweb/asm/Type
Event: 1197.344 loading class org/objectweb/asm/Type done
Event: 1197.347 Thread 0x000000001d280800 Uncommon trap: trap_request=0xffffff65 fr.pc=0x000000000382bda4
Event: 1197.347 Thread 0x000000001d280800 DEOPT PACKING pc=0x000000000382bda4 sp=0x0000000027a0ea30
Event: 1197.347 Thread 0x000000001d280800 DEOPT UNPACKING pc=0x0000000002e0557b sp=0x0000000027a0e9a8 mode 2
Event: 1197.364 Thread 0x000000001d280800 Uncommon trap: trap_request=0x00000073 fr.pc=0x000000000381a810
Event: 1197.364 Thread 0x000000001d280800 DEOPT PACKING pc=0x000000000381a810 sp=0x0000000027a0e440
Event: 1197.364 Thread 0x000000001d280800 DEOPT UNPACKING pc=0x0000000002e0557b sp=0x0000000027a0e3a8 mode 2


Dynamic libraries:
0x00007ff74edd0000 - 0x00007ff74ee01000 	C:\Program Files\Android\Android Studio\jre\bin\java.exe
0x00007ffd7b7e0000 - 0x00007ffd7b9cd000 	C:\WINDOWS\SYSTEM32\ntdll.dll
0x00007ffd7b4b0000 - 0x00007ffd7b563000 	C:\WINDOWS\System32\KERNEL32.DLL
0x00007ffd78760000 - 0x00007ffd789f5000 	C:\WINDOWS\System32\KERNELBASE.dll
0x00007ffd7b590000 - 0x00007ffd7b633000 	C:\WINDOWS\System32\ADVAPI32.dll
0x00007ffd7b350000 - 0x00007ffd7b3ee000 	C:\WINDOWS\System32\msvcrt.dll
0x00007ffd79c10000 - 0x00007ffd79cae000 	C:\WINDOWS\System32\sechost.dll
0x00007ffd78ca0000 - 0x00007ffd78dc2000 	C:\WINDOWS\System32\RPCRT4.dll
0x00007ffd78a70000 - 0x00007ffd78c07000 	C:\WINDOWS\System32\USER32.dll
0x00007ffd78470000 - 0x00007ffd78490000 	C:\WINDOWS\System32\win32u.dll
0x00007ffd7b400000 - 0x00007ffd7b429000 	C:\WINDOWS\System32\GDI32.dll
0x00007ffd785c0000 - 0x00007ffd7875a000 	C:\WINDOWS\System32\gdi32full.dll
0x00007ffd78490000 - 0x00007ffd78530000 	C:\WINDOWS\System32\msvcp_win.dll
0x00007ffd78190000 - 0x00007ffd7828a000 	C:\WINDOWS\System32\ucrtbase.dll
0x00007ffd6bbb0000 - 0x00007ffd6be29000 	C:\WINDOWS\WinSxS\amd64_microsoft.windows.common-controls_6595b64144ccf1df_6.0.17763.1282_none_de75b6f253473c0f\COMCTL32.dll
0x00007ffd78dd0000 - 0x00007ffd790fc000 	C:\WINDOWS\System32\combase.dll
0x00007ffd77ff0000 - 0x00007ffd7806e000 	C:\WINDOWS\System32\bcryptPrimitives.dll
0x00007ffd78c10000 - 0x00007ffd78c3e000 	C:\WINDOWS\System32\IMM32.DLL
0x0000000071240000 - 0x0000000071312000 	C:\Program Files\Android\Android Studio\jre\jre\bin\msvcr100.dll
0x0000000071320000 - 0x0000000071b66000 	C:\Program Files\Android\Android Studio\jre\jre\bin\server\jvm.dll
0x00007ffd7b3f0000 - 0x00007ffd7b3f8000 	C:\WINDOWS\System32\PSAPI.DLL
0x00007ffd6bec0000 - 0x00007ffd6bee4000 	C:\WINDOWS\SYSTEM32\WINMM.dll
0x00007ffd739f0000 - 0x00007ffd739f9000 	C:\WINDOWS\SYSTEM32\WSOCK32.dll
0x00007ffd6e080000 - 0x00007ffd6e08a000 	C:\WINDOWS\SYSTEM32\VERSION.dll
0x00007ffd7b2e0000 - 0x00007ffd7b34d000 	C:\WINDOWS\System32\WS2_32.dll
0x00007ffd6bb30000 - 0x00007ffd6bb5d000 	C:\WINDOWS\SYSTEM32\WINMMBASE.dll
0x00007ffd78140000 - 0x00007ffd7818a000 	C:\WINDOWS\System32\cfgmgr32.dll
0x00007ffd71dc0000 - 0x00007ffd71dcf000 	C:\Program Files\Android\Android Studio\jre\jre\bin\verify.dll
0x00007ffd6ef50000 - 0x00007ffd6ef79000 	C:\Program Files\Android\Android Studio\jre\jre\bin\java.dll
0x00007ffd713e0000 - 0x00007ffd713f6000 	C:\Program Files\Android\Android Studio\jre\jre\bin\zip.dll
0x00007ffd79de0000 - 0x00007ffd7b2d8000 	C:\WINDOWS\System32\SHELL32.dll
0x00007ffd79160000 - 0x00007ffd79208000 	C:\WINDOWS\System32\shcore.dll
0x00007ffd778a0000 - 0x00007ffd77fef000 	C:\WINDOWS\System32\windows.storage.dll
0x00007ffd777d0000 - 0x00007ffd777f4000 	C:\WINDOWS\System32\profapi.dll
0x00007ffd77840000 - 0x00007ffd7789d000 	C:\WINDOWS\System32\powrprof.dll
0x00007ffd79340000 - 0x00007ffd79392000 	C:\WINDOWS\System32\shlwapi.dll
0x00007ffd77820000 - 0x00007ffd77831000 	C:\WINDOWS\System32\kernel.appcore.dll
0x00007ffd78070000 - 0x00007ffd78087000 	C:\WINDOWS\System32\cryptsp.dll
0x00007ffd71320000 - 0x00007ffd7133a000 	C:\Program Files\Android\Android Studio\jre\jre\bin\net.dll
0x00007ffd77030000 - 0x00007ffd77097000 	C:\WINDOWS\system32\mswsock.dll
0x00007ffd6ed10000 - 0x00007ffd6ed21000 	C:\Program Files\Android\Android Studio\jre\jre\bin\nio.dll
0x00007ffd5fd40000 - 0x00007ffd5fd66000 	C:\Users\LENOVO\.gradle\native\29\windows-amd64\native-platform.dll
0x00007ffd6ed00000 - 0x00007ffd6ed0d000 	C:\Program Files\Android\Android Studio\jre\jre\bin\management.dll
0x00007ffd76bb0000 - 0x00007ffd76be3000 	C:\WINDOWS\system32\rsaenh.dll
0x00007ffd78530000 - 0x00007ffd78556000 	C:\WINDOWS\System32\bcrypt.dll
0x00007ffd77700000 - 0x00007ffd77728000 	C:\WINDOWS\SYSTEM32\USERENV.dll
0x00007ffd77200000 - 0x00007ffd7720c000 	C:\WINDOWS\SYSTEM32\CRYPTBASE.dll
0x00007ffd76d50000 - 0x00007ffd76d8d000 	C:\WINDOWS\SYSTEM32\IPHLPAPI.DLL
0x00007ffd78a60000 - 0x00007ffd78a68000 	C:\WINDOWS\System32\NSI.dll
0x00007ffd70010000 - 0x00007ffd70026000 	C:\WINDOWS\SYSTEM32\dhcpcsvc6.DLL
0x00007ffd700e0000 - 0x00007ffd700fc000 	C:\WINDOWS\SYSTEM32\dhcpcsvc.DLL
0x00007ffd76d90000 - 0x00007ffd76e57000 	C:\WINDOWS\SYSTEM32\DNSAPI.dll
0x00007ffd63c10000 - 0x00007ffd63c34000 	C:\Program Files\Android\Android Studio\jre\jre\bin\sunec.dll
0x00007ffd6ee20000 - 0x00007ffd6ee2a000 	C:\Windows\System32\rasadhlp.dll
0x00007ffd6fb70000 - 0x00007ffd6fbe9000 	C:\WINDOWS\System32\fwpuclnt.dll
0x00007ffd65910000 - 0x00007ffd6591b000 	C:\Program Files\Android\Android Studio\jre\jre\bin\sunmscapi.dll
0x00007ffd78290000 - 0x00007ffd7846c000 	C:\WINDOWS\System32\CRYPT32.dll
0x00007ffd77800000 - 0x00007ffd77812000 	C:\WINDOWS\System32\MSASN1.dll

VM Arguments:
jvm_args: -Xmx1536m -Dfile.encoding=windows-1252 -Duser.country=US -Duser.language=en -Duser.variant 
java_command: org.gradle.launcher.daemon.bootstrap.GradleDaemon 5.4.1
java_class_path (initial): C:\Users\LENOVO\.gradle\wrapper\dists\gradle-5.4.1-all\3221gyojl5jsh0helicew7rwx\gradle-5.4.1\lib\gradle-launcher-5.4.1.jar
Launcher Type: SUN_STANDARD

Environment Variables:
PATH=C:\Program Files (x86)\Common Files\Oracle\Java\javapath;C:\WINDOWS\system32;C:\WINDOWS;C:\WINDOWS\System32\Wbem;C:\WINDOWS\System32\WindowsPowerShell\v1.0\;C:\WINDOWS\System32\OpenSSH\;C:\xampp\php;C:\composer;C:\Program Files\Git\cmd;C:\Program Files\MATLAB\R2016a\runtime\win64;C:\Program Files\MATLAB\R2016a\bin;C:\Program Files\MATLAB\R2016a\polyspace\bin;C:\ProgramData\chocolatey\bin;C:\Program Files\nodejs\;C:\Users\LENOVO\AppData\Local\Microsoft\WindowsApps;C:\Users\LENOVO\AppData\Local\atom\bin;C:\Users\LENOVO\AppData\Local\Microsoft\WindowsApps;C:\Users\LENOVO\AppData\Roaming\Composer\vendor\bin;C:\Users\LENOVO\Downloads\Compressed\flutter\bin;;C:\Users\LENOVO\AppData\Local\Programs\Microsoft VS Code\bin;C:\Users\LENOVO\AppData\Roaming\npm
USERNAME=LENOVO
OS=Windows_NT
PROCESSOR_IDENTIFIER=Intel64 Family 6 Model 58 Stepping 9, GenuineIntel



---------------  S Y S T E M  ---------------

OS: Windows 10.0 , 64 bit Build 17763 (10.0.17763.1158)

CPU:total 4 (initial active 4) (2 cores per cpu, 2 threads per core) family 6 model 58 stepping 9, cmov, cx8, fxsr, mmx, sse, sse2, sse3, ssse3, sse4.1, sse4.2, popcnt, avx, clmul, erms, ht, tsc, tscinvbit, tscinv

Memory: 4k page, physical 2708612k(235176k free), swap 9508120k(5316k free)

vm_info: OpenJDK 64-Bit Server VM (25.202-b03) for windows-amd64 JRE (1.8.0_202-release-1483-b03), built by "builder" with MS VC++ 10.0 (VS2010)

time: Mon Jul 06 14:37:15 2020
timezone: SE Asia Standard Time
elapsed time: 1197 seconds (0d 0h 19m 57s)

